Array(String) -- Avg Lifetime: 00:00:00.0003980
Allocations: 1, Deallocations: 0
0x56337a5d93d1: allocate at /work/projects/gc/src/gc.cr 13:3
0x56337a5d9342: new at /usr/lib/crystal/array.cr 59:3
0x56337a5b8fe9: __crystal_main at /usr/lib/crystal/debug/dwarf/strings.cr 1:1
0x56337a5c9279: main at /usr/lib/crystal/main.cr 12:15
0x7f55f99d84ca: __libc_start_main at ??
0x56337a5b8e0a: _start at ??
0x0: ??? at ??
Array(Pointer(Void)) -- Avg Lifetime: 00:00:00.0780100
Allocations: 1, Deallocations: 0
0x56337a5d4f71: allocate at /work/projects/gc/src/gc.cr 13:3
0x56337a5d4ee2: new at /usr/lib/crystal/array.cr 59:3
0x56337a5c446b: ~Fiber::stack_pool:init at /usr/lib/crystal/fiber.cr 0:3
0x56337a5b911f: __crystal_main at /usr/lib/crystal/lib_c/x86_64-linux-gnu/c/sys/mman.cr 0:1
0x56337a5c9279: main at /usr/lib/crystal/main.cr 12:15
0x7f55f99d84ca: __libc_start_main at ??
0x56337a5b8e0a: _start at ??
0x0: ??? at ??
Array(Int32) -- Avg Lifetime: 00:00:00.0784360
Allocations: 1, Deallocations: 0
0x56337a5e8cf1: allocate at /work/projects/gc/src/gc.cr 13:3
0x56337a5e8c56: new at /usr/lib/crystal/array.cr 77:3
0x56337a5c45e3: ~Hash::HASH_PRIMES:init at /usr/lib/crystal/fiber.cr 0:3
0x56337a5b930b: __crystal_main at /usr/lib/crystal/hash.cr 1:1
0x56337a5c9279: main at /usr/lib/crystal/main.cr 12:15
0x7f55f99d84ca: __libc_start_main at ??
0x56337a5b8e0a: _start at ??
0x0: ??? at ??
Array(Proc(Int32, Nil)) -- Avg Lifetime: 00:00:00.0789100
Allocations: 1, Deallocations: 0
0x56337a618f31: allocate at /work/projects/gc/src/gc.cr 13:3
0x56337a618ea2: new at /usr/lib/crystal/array.cr 59:3
0x56337a618cd8: add at /usr/lib/crystal/kernel.cr 123:31
0x56337a5c9166: at_exit at /usr/lib/crystal/kernel.cr 161:3
0x56337a5b93ac: __crystal_main at /usr/lib/crystal/kernel.cr 195:1
0x56337a5c9279: main at /usr/lib/crystal/main.cr 12:15
0x7f55f99d84ca: __libc_start_main at ??
0x56337a5b8e0a: _start at ??
0x0: ??? at ??
Foo -- Avg Lifetime: 00:00:00.0795390
Allocations: 1, Deallocations: 0
0x56337a6193a8: allocate at /work/projects/gc/src/gc.cr 7:3
0x56337a619336: new at /usr/lib/crystal/primitives.cr 36:1
0x56337a5b95c9: __crystal_main at /work/projects/gc/src/gc.cr 16:1
0x56337a5c9279: main at /usr/lib/crystal/main.cr 12:15
0x7f55f99d84ca: __libc_start_main at ??
0x56337a5b8e0a: _start at ??
0x0: ??? at ??
Array(PrettyPrint::Group) -- Avg Lifetime: 00:00:00.0799910
Allocations: 1, Deallocations: 0
0x56337a61c721: allocate at /work/projects/gc/src/gc.cr 13:3
0x56337a61c692: new at /usr/lib/crystal/array.cr 59:3
0x56337a619e88: initialize at /usr/lib/crystal/pretty_print.cr 28:5
0x56337a619dfc: new at /usr/lib/crystal/pretty_print.cr 16:3
0x56337a619d27: format at /usr/lib/crystal/pretty_print.cr 300:5
0x56337a619cbf: format:width:indent at /usr/lib/crystal/pretty_print.cr 291:3
0x56337a5b9651: __crystal_main at /work/projects/gc/src/gc.cr 17:1
0x56337a5c9279: main at /usr/lib/crystal/main.cr 12:15
0x7f55f99d84ca: __libc_start_main at ??
0x56337a5b8e0a: _start at ??
0x0: ??? at ??
Array(Array(PrettyPrint::Group)) -- Avg Lifetime: 00:00:00.0811410
Allocations: 1, Deallocations: 0
0x56337a61d541: allocate at /work/projects/gc/src/gc.cr 13:3
0x56337a61d4b2: new at /usr/lib/crystal/array.cr 59:3
0x56337a61d281: initialize at /usr/lib/crystal/pretty_print.cr 257:7
0x56337a61d24f: new at /usr/lib/crystal/pretty_print.cr 256:5
0x56337a619ea8: initialize at /usr/lib/crystal/pretty_print.cr 33:5
0x56337a619dfc: new at /usr/lib/crystal/pretty_print.cr 16:3
0x56337a619d27: format at /usr/lib/crystal/pretty_print.cr 300:5
0x56337a619cbf: format:width:indent at /usr/lib/crystal/pretty_print.cr 291:3
0x56337a5b9651: __crystal_main at /work/projects/gc/src/gc.cr 17:1
0x56337a5c9279: main at /usr/lib/crystal/main.cr 12:15
0x7f55f99d84ca: __libc_start_main at ??
0x56337a5b8e0a: _start at ??
0x0: ??? at ??
Array(PrettyPrint::Group) -- Avg Lifetime: 00:00:00.0823660
Allocations: 1, Deallocations: 0
0x56337a61c721: allocate at /work/projects/gc/src/gc.cr 13:3
0x56337a61c692: new at /usr/lib/crystal/array.cr 59:3
0x56337a61d2e2: enq at /usr/lib/crystal/pretty_print.cr 263:9
0x56337a619ebf: initialize at /usr/lib/crystal/pretty_print.cr 35:5
0x56337a619dfc: new at /usr/lib/crystal/pretty_print.cr 16:3
0x56337a619d27: format at /usr/lib/crystal/pretty_print.cr 300:5
0x56337a619cbf: format:width:indent at /usr/lib/crystal/pretty_print.cr 291:3
0x56337a5b9651: __crystal_main at /work/projects/gc/src/gc.cr 17:1
0x56337a5c9279: main at /usr/lib/crystal/main.cr 12:15
0x7f55f99d84ca: __libc_start_main at ??
0x56337a5b8e0a: _start at ??
0x0: ??? at ??
Array(PrettyPrint::Group) -- Avg Lifetime: 00:00:00.0832320
Allocations: 1, Deallocations: 0
0x56337a61c721: allocate at /work/projects/gc/src/gc.cr 13:3
0x56337a61c692: new at /usr/lib/crystal/array.cr 59:3
0x56337a61d2e2: enq at /usr/lib/crystal/pretty_print.cr 263:9
0x56337a619763: pretty_print at /usr/lib/crystal/reference.cr 125:5
0x56337a619d45: format at /usr/lib/crystal/pretty_print.cr 293:7
0x56337a619cbf: format:width:indent at /usr/lib/crystal/pretty_print.cr 291:3
0x56337a5b9651: __crystal_main at /work/projects/gc/src/gc.cr 17:1
0x56337a5c9279: main at /usr/lib/crystal/main.cr 12:15
0x7f55f99d84ca: __libc_start_main at ??
0x56337a5b8e0a: _start at ??
0x0: ??? at ??
Array(PrettyPrint::Group) -- Avg Lifetime: 00:00:00.0840080
Allocations: 1, Deallocations: 0
0x56337a61c721: allocate at /work/projects/gc/src/gc.cr 13:3
0x56337a61c692: new at /usr/lib/crystal/array.cr 59:3
0x56337a61d2e2: enq at /usr/lib/crystal/pretty_print.cr 263:9
0x56337a619900: pretty_print at /usr/lib/crystal/reference.cr 125:5
0x56337a619d45: format at /usr/lib/crystal/pretty_print.cr 293:7
0x56337a619cbf: format:width:indent at /usr/lib/crystal/pretty_print.cr 291:3
0x56337a5b9651: __crystal_main at /work/projects/gc/src/gc.cr 17:1
0x56337a5c9279: main at /usr/lib/crystal/main.cr 12:15
0x7f55f99d84ca: __libc_start_main at ??
0x56337a5b8e0a: _start at ??
0x0: ??? at ??
Array(String) -- Avg Lifetime: 00:00:00.0847820
Allocations: 1, Deallocations: 0
0x56337a5d93d1: allocate at /work/projects/gc/src/gc.cr 13:3
0x56337a5d9342: new at /usr/lib/crystal/array.cr 59:3
0x56337a620a61: initialize at /usr/lib/crystal/pretty_print.cr 200:15
0x56337a620a37: new at /usr/lib/crystal/pretty_print.cr 199:5
0x56337a61a17d: text at /usr/lib/crystal/pretty_print.cr 77:9
0x56337a61993e: pretty_print at /usr/lib/crystal/reference.cr 79:5
0x56337a619d45: format at /usr/lib/crystal/pretty_print.cr 293:7
0x56337a619cbf: format:width:indent at /usr/lib/crystal/pretty_print.cr 291:3
0x56337a5b9651: __crystal_main at /work/projects/gc/src/gc.cr 17:1
0x56337a5c9279: main at /usr/lib/crystal/main.cr 12:15
0x7f55f99d84ca: __libc_start_main at ??
0x56337a5b8e0a: _start at ??
0x0: ??? at ??
Array(String) -- Avg Lifetime: 00:00:00.0856460
Allocations: 1, Deallocations: 0
0x56337a5d93d1: allocate at /work/projects/gc/src/gc.cr 13:3
0x56337a5d9342: new at /usr/lib/crystal/array.cr 59:3
0x56337a620a61: initialize at /usr/lib/crystal/pretty_print.cr 200:15
0x56337a620a37: new at /usr/lib/crystal/pretty_print.cr 199:5
0x56337a61a17d: text at /usr/lib/crystal/pretty_print.cr 77:9
0x56337a5e11c3: pretty_print at /usr/lib/crystal/object.cr 116:5
0x56337a619a1d: pretty_print at /usr/lib/crystal/reference.cr 79:5
0x56337a619d45: format at /usr/lib/crystal/pretty_print.cr 293:7
0x56337a619cbf: format:width:indent at /usr/lib/crystal/pretty_print.cr 291:3
0x56337a5b9651: __crystal_main at /work/projects/gc/src/gc.cr 17:1
0x56337a5c9279: main at /usr/lib/crystal/main.cr 12:15
0x7f55f99d84ca: __libc_start_main at ??
0x56337a5b8e0a: _start at ??
0x0: ??? at ??
Array(String) -- Avg Lifetime: 00:00:00.0119802
Allocations: 12, Deallocations: 0
0x56337a5d93d1: allocate at /work/projects/gc/src/gc.cr 13:3
0x56337a5d9342: new at /usr/lib/crystal/array.cr 59:3
0x56337a621601: print_record at /work/projects/gc/src/gc/analyzer.cr 12:5
0x56337a621507: print_stats at /work/projects/gc/src/gc/analyzer.cr 5:7
0x56337a5b96dd: __crystal_main at /work/projects/gc/src/gc.cr 21:3
0x56337a5c9279: main at /usr/lib/crystal/main.cr 12:15
0x7f55f99d84ca: __libc_start_main at ??
0x56337a5b8e0a: _start at ??
0x0: ??? at ??
Array(Debug::ELF::SectionHeader) -- Avg Lifetime: 00:00:00.0870200
Allocations: 1, Deallocations: 0
0x56337a5fb771: allocate at /work/projects/gc/src/gc.cr 13:3
0x56337a5fb6d6: new at /usr/lib/crystal/array.cr 77:3
0x56337a5f894e: section_headers at /usr/lib/crystal/debug/elf.cr 148:5
0x56337a621601: print_record at /work/projects/gc/src/gc/analyzer.cr 12:5
0x56337a621507: print_stats at /work/projects/gc/src/gc/analyzer.cr 5:7
0x56337a5b96dd: __crystal_main at /work/projects/gc/src/gc.cr 21:3
0x56337a5c9279: main at /usr/lib/crystal/main.cr 12:15
0x7f55f99d84ca: __libc_start_main at ??
0x56337a5b8e0a: _start at ??
0x0: ??? at ??
Array(Array(Debug::DWARF::LineNumbers::Row)) -- Avg Lifetime: 00:00:00.0875300
Allocations: 1, Deallocations: 0
0x56337a6030d1: allocate at /work/projects/gc/src/gc.cr 13:3
0x56337a603042: new at /usr/lib/crystal/array.cr 59:3
0x56337a5fe683: initialize at /usr/lib/crystal/debug/dwarf/line_numbers.cr 176:9
0x56337a5fe5d9: new at /usr/lib/crystal/debug/dwarf/line_numbers.cr 174:7
0x56337a621601: print_record at /work/projects/gc/src/gc/analyzer.cr 12:5
0x56337a621507: print_stats at /work/projects/gc/src/gc/analyzer.cr 5:7
0x56337a5b96dd: __crystal_main at /work/projects/gc/src/gc.cr 21:3
0x56337a5c9279: main at /usr/lib/crystal/main.cr 12:15
0x7f55f99d84ca: __libc_start_main at ??
0x56337a5b8e0a: _start at ??
0x0: ??? at ??
Array(String) -- Avg Lifetime: 00:00:00.0883920
Allocations: 1, Deallocations: 0
0x56337a5d93d1: allocate at /work/projects/gc/src/gc.cr 13:3
0x56337a5d9342: new at /usr/lib/crystal/array.cr 59:3
0x56337a5fe699: initialize at /usr/lib/crystal/debug/dwarf/line_numbers.cr 177:9
0x56337a5fe5d9: new at /usr/lib/crystal/debug/dwarf/line_numbers.cr 174:7
0x56337a621601: print_record at /work/projects/gc/src/gc/analyzer.cr 12:5
0x56337a621507: print_stats at /work/projects/gc/src/gc/analyzer.cr 5:7
0x56337a5b96dd: __crystal_main at /work/projects/gc/src/gc.cr 21:3
0x56337a5c9279: main at /usr/lib/crystal/main.cr 12:15
0x7f55f99d84ca: __libc_start_main at ??
0x56337a5b8e0a: _start at ??
0x0: ??? at ??
Array(String) -- Avg Lifetime: 00:00:00.0892060
Allocations: 1, Deallocations: 0
0x56337a5d93d1: allocate at /work/projects/gc/src/gc.cr 13:3
0x56337a5d9342: new at /usr/lib/crystal/array.cr 59:3
0x56337a5fe6ab: initialize at /usr/lib/crystal/debug/dwarf/line_numbers.cr 178:9
0x56337a5fe5d9: new at /usr/lib/crystal/debug/dwarf/line_numbers.cr 174:7
0x56337a621601: print_record at /work/projects/gc/src/gc/analyzer.cr 12:5
0x56337a621507: print_stats at /work/projects/gc/src/gc/analyzer.cr 5:7
0x56337a5b96dd: __crystal_main at /work/projects/gc/src/gc.cr 21:3
0x56337a5c9279: main at /usr/lib/crystal/main.cr 12:15
0x7f55f99d84ca: __libc_start_main at ??
0x56337a5b8e0a: _start at ??
0x0: ??? at ??
Array(String) -- Avg Lifetime: 00:00:00.0706662
Allocations: 192, Deallocations: 0
0x56337a5d93d1: allocate at /work/projects/gc/src/gc.cr 13:3
0x56337a5d96b6: new at /usr/lib/crystal/array.cr 77:3
0x56337a603881: initialize at /usr/lib/crystal/debug/dwarf/line_numbers.cr 148:5
0x56337a6036c0: new at /usr/lib/crystal/debug/dwarf/line_numbers.cr 151:9
0x56337a5fe780: decode_sequences at /usr/lib/crystal/debug/dwarf/line_numbers.cr 212:22
0x56337a5fe6c5: initialize at /usr/lib/crystal/debug/dwarf/line_numbers.cr 180:9
0x56337a5fe5d9: new at /usr/lib/crystal/debug/dwarf/line_numbers.cr 174:7
0x56337a621601: print_record at /work/projects/gc/src/gc/analyzer.cr 12:5
0x56337a621507: print_stats at /work/projects/gc/src/gc/analyzer.cr 5:7
0x56337a5b96dd: __crystal_main at /work/projects/gc/src/gc.cr 21:3
0x56337a5c9279: main at /usr/lib/crystal/main.cr 12:15
0x7f55f99d84ca: __libc_start_main at ??
0x56337a5b8e0a: _start at ??
0x0: ??? at ??
Array(Tuple(String, Int32, Int32, Int32)) -- Avg Lifetime: 00:00:00.0716705
Allocations: 192, Deallocations: 0
0x56337a603e31: allocate at /work/projects/gc/src/gc.cr 13:3
0x56337a603d96: new at /usr/lib/crystal/array.cr 77:3
0x56337a603908: initialize at /usr/lib/crystal/debug/dwarf/line_numbers.cr 148:5
0x56337a6036c0: new at /usr/lib/crystal/debug/dwarf/line_numbers.cr 151:9
0x56337a5fe780: decode_sequences at /usr/lib/crystal/debug/dwarf/line_numbers.cr 212:22
0x56337a5fe6c5: initialize at /usr/lib/crystal/debug/dwarf/line_numbers.cr 180:9
0x56337a5fe5d9: new at /usr/lib/crystal/debug/dwarf/line_numbers.cr 174:7
0x56337a621601: print_record at /work/projects/gc/src/gc/analyzer.cr 12:5
0x56337a621507: print_stats at /work/projects/gc/src/gc/analyzer.cr 5:7
0x56337a5b96dd: __crystal_main at /work/projects/gc/src/gc.cr 21:3
0x56337a5c9279: main at /usr/lib/crystal/main.cr 12:15
0x7f55f99d84ca: __libc_start_main at ??
0x56337a5b8e0a: _start at ??
0x0: ??? at ??
Array(UInt8) -- Avg Lifetime: 00:00:00.0727127
Allocations: 192, Deallocations: 0
0x56337a6046e1: allocate at /work/projects/gc/src/gc.cr 13:3
0x56337a604646: new at /usr/lib/crystal/array.cr 77:3
0x56337a6039cc: initialize at /usr/lib/crystal/debug/dwarf/line_numbers.cr 148:11
0x56337a6036c0: new at /usr/lib/crystal/debug/dwarf/line_numbers.cr 151:9
0x56337a5fe780: decode_sequences at /usr/lib/crystal/debug/dwarf/line_numbers.cr 212:22
0x56337a5fe6c5: initialize at /usr/lib/crystal/debug/dwarf/line_numbers.cr 180:9
0x56337a5fe5d9: new at /usr/lib/crystal/debug/dwarf/line_numbers.cr 174:7
0x56337a621601: print_record at /work/projects/gc/src/gc/analyzer.cr 12:5
0x56337a621507: print_stats at /work/projects/gc/src/gc/analyzer.cr 5:7
0x56337a5b96dd: __crystal_main at /work/projects/gc/src/gc.cr 21:3
0x56337a5c9279: main at /usr/lib/crystal/main.cr 12:15
0x7f55f99d84ca: __libc_start_main at ??
0x56337a5b8e0a: _start at ??
0x0: ??? at ??
Array(Debug::DWARF::LineNumbers::Row) -- Avg Lifetime: 00:00:00.0758326
Allocations: 12, Deallocations: 0
0x56337a6056d1: allocate at /work/projects/gc/src/gc.cr 13:3
0x56337a605636: new at /usr/lib/crystal/array.cr 77:3
0x56337a6026c6: register_to_matrix at /usr/lib/crystal/debug/dwarf/line_numbers.cr 148:5
0x56337a600ac1: read_statement_program at /usr/lib/crystal/debug/dwarf/line_numbers.cr 288:13
0x56337a5ff60a: decode_sequences at /usr/lib/crystal/debug/dwarf/line_numbers.cr 234:13
0x56337a5fe6c5: initialize at /usr/lib/crystal/debug/dwarf/line_numbers.cr 180:9
0x56337a5fe5d9: new at /usr/lib/crystal/debug/dwarf/line_numbers.cr 174:7
0x56337a621601: print_record at /work/projects/gc/src/gc/analyzer.cr 12:5
0x56337a621507: print_stats at /work/projects/gc/src/gc/analyzer.cr 5:7
0x56337a5b96dd: __crystal_main at /work/projects/gc/src/gc.cr 21:3
0x56337a5c9279: main at /usr/lib/crystal/main.cr 12:15
0x7f55f99d84ca: __libc_start_main at ??
0x56337a5b8e0a: _start at ??
0x0: ??? at ??
Array(Debug::DWARF::LineNumbers::Row) -- Avg Lifetime: 00:00:00.0747731
Allocations: 179, Deallocations: 0
0x56337a6056d1: allocate at /work/projects/gc/src/gc.cr 13:3
0x56337a605636: new at /usr/lib/crystal/array.cr 77:3
0x56337a6026c6: register_to_matrix at /usr/lib/crystal/debug/dwarf/line_numbers.cr 148:5
0x56337a6016cb: read_statement_program at /usr/lib/crystal/debug/dwarf/line_numbers.cr 323:15
0x56337a5ff60a: decode_sequences at /usr/lib/crystal/debug/dwarf/line_numbers.cr 234:13
0x56337a5fe6c5: initialize at /usr/lib/crystal/debug/dwarf/line_numbers.cr 180:9
0x56337a5fe5d9: new at /usr/lib/crystal/debug/dwarf/line_numbers.cr 174:7
0x56337a621601: print_record at /work/projects/gc/src/gc/analyzer.cr 12:5
0x56337a621507: print_stats at /work/projects/gc/src/gc/analyzer.cr 5:7
0x56337a5b96dd: __crystal_main at /work/projects/gc/src/gc.cr 21:3
0x56337a5c9279: main at /usr/lib/crystal/main.cr 12:15
0x7f55f99d84ca: __libc_start_main at ??
0x56337a5b8e0a: _start at ??
0x0: ??? at ??
Array(Tuple(UInt64, UInt64, String)) -- Avg Lifetime: 00:00:00.0626440
Allocations: 1, Deallocations: 0
0x56337a606681: allocate at /work/projects/gc/src/gc.cr 13:3
0x56337a6065f2: new at /usr/lib/crystal/array.cr 59:3
0x56337a621601: print_record at /work/projects/gc/src/gc/analyzer.cr 12:5
0x56337a621507: print_stats at /work/projects/gc/src/gc/analyzer.cr 5:7
0x56337a5b96dd: __crystal_main at /work/projects/gc/src/gc.cr 21:3
0x56337a5c9279: main at /usr/lib/crystal/main.cr 12:15
0x7f55f99d84ca: __libc_start_main at ??
0x56337a5b8e0a: _start at ??
0x0: ??? at ??
Array(Debug::DWARF::Abbrev) -- Avg Lifetime: 00:00:00.0422579
Allocations: 192, Deallocations: 0
0x56337a6086c1: allocate at /work/projects/gc/src/gc.cr 13:3
0x56337a608632: new at /usr/lib/crystal/array.cr 59:3
0x56337a608217: read at /usr/lib/crystal/debug/dwarf/abbrev.cr 212:9
0x56337a606f46: read_abbreviations at /usr/lib/crystal/debug/dwarf/info.cr 37:9
0x56337a621601: print_record at /work/projects/gc/src/gc/analyzer.cr 12:5
0x56337a621507: print_stats at /work/projects/gc/src/gc/analyzer.cr 5:7
0x56337a5b96dd: __crystal_main at /work/projects/gc/src/gc.cr 21:3
0x56337a5c9279: main at /usr/lib/crystal/main.cr 12:15
0x7f55f99d84ca: __libc_start_main at ??
0x56337a5b8e0a: _start at ??
0x0: ??? at ??
Array(Debug::DWARF::Abbrev::Attribute) -- Avg Lifetime: 00:00:00.0431345
Allocations: 678, Deallocations: 0
0x56337a608f41: allocate at /work/projects/gc/src/gc.cr 13:3
0x56337a608eb2: new at /usr/lib/crystal/array.cr 59:3
0x56337a60860d: initialize at /usr/lib/crystal/debug/dwarf/abbrev.cr 204:9
0x56337a6085af: new at /usr/lib/crystal/debug/dwarf/abbrev.cr 203:7
0x56337a60838b: read at /usr/lib/crystal/debug/dwarf/abbrev.cr 221:20
0x56337a606f46: read_abbreviations at /usr/lib/crystal/debug/dwarf/info.cr 37:9
0x56337a621601: print_record at /work/projects/gc/src/gc/analyzer.cr 12:5
0x56337a621507: print_stats at /work/projects/gc/src/gc/analyzer.cr 5:7
0x56337a5b96dd: __crystal_main at /work/projects/gc/src/gc.cr 21:3
0x56337a5c9279: main at /usr/lib/crystal/main.cr 12:15
0x7f55f99d84ca: __libc_start_main at ??
0x56337a5b8e0a: _start at ??
0x0: ??? at ??
Array(Tuple(Debug::DWARF::AT, Debug::DWARF::FORM, Bool | Int32 | Int64 | Slice(UInt8) | String | UInt16 | UInt32 | UInt64 | UInt8)) -- Avg Lifetime: 00:00:00.0441851
Allocations: 192, Deallocations: 0
0x56337a6094c1: allocate at /work/projects/gc/src/gc.cr 13:3
0x56337a609432: new at /usr/lib/crystal/array.cr 59:3
0x56337a621601: print_record at /work/projects/gc/src/gc/analyzer.cr 12:5
0x56337a621507: print_stats at /work/projects/gc/src/gc/analyzer.cr 5:7
0x56337a5b96dd: __crystal_main at /work/projects/gc/src/gc.cr 21:3
0x56337a5c9279: main at /usr/lib/crystal/main.cr 12:15
0x7f55f99d84ca: __libc_start_main at ??
0x56337a5b8e0a: _start at ??
0x0: ??? at ??
Array(String) -- Avg Lifetime: 00:00:00.0066836
Allocations: 13, Deallocations: 0
0x56337a5d93d1: allocate at /work/projects/gc/src/gc.cr 13:3
0x56337a5d9342: new at /usr/lib/crystal/array.cr 59:3
0x56337a621601: print_record at /work/projects/gc/src/gc/analyzer.cr 12:5
0x56337a621507: print_stats at /work/projects/gc/src/gc/analyzer.cr 5:7
0x56337a5b96dd: __crystal_main at /work/projects/gc/src/gc.cr 21:3
0x56337a5c9279: main at /usr/lib/crystal/main.cr 12:15
0x7f55f99d84ca: __libc_start_main at ??
0x56337a5b8e0a: _start at ??
0x0: ??? at ??
